# JRE version: Java(TM) SE Runtime Environment (8.0_151-b12) (build 1.8.0_151-b12)
# Java VM: Java HotSpot(TM) 64-Bit Server VM (25.151-b12 mixed mode windows-amd64 compressed oops)
Heap:
 PSYoungGen      total 33280K, used 8815K [0x00000000dad80000, 0x00000000dd280000, 0x0000000100000000)
  eden space 28672K, 20% used [0x00000000dad80000,0x00000000db3334d0,0x00000000dc980000)
  from space 4608K, 64% used [0x00000000dce00000,0x00000000dd0e8a90,0x00000000dd280000)
  to   space 4608K, 0% used [0x00000000dc980000,0x00000000dc980000,0x00000000dce00000)
 ParOldGen       total 55808K, used 1207K [0x0000000090800000, 0x0000000093e80000, 0x00000000dad80000)
  object space 55808K, 2% used [0x0000000090800000,0x000000009092dcf8,0x0000000093e80000)
 Metaspace       used 14881K, capacity 15464K, committed 15744K, reserved 1064960K
  class space    used 2154K, capacity 2322K, committed 2432K, reserved 1048576K
GC Heap History (6 events):
Event: 1.203 GC heap before
{Heap before GC invocations=1 (full 0):
 PSYoungGen      total 33280K, used 11104K [0x00000000dad80000, 0x00000000dd280000, 0x0000000100000000)
  eden space 28672K, 38% used [0x00000000dad80000,0x00000000db858000,0x00000000dc980000)
  from space 4608K, 0% used [0x00000000dce00000,0x00000000dce00000,0x00000000dd280000)
  to   space 4608K, 0% used [0x00000000dc980000,0x00000000dc980000,0x00000000dce00000)
 ParOldGen       total 76800K, used 0K [0x0000000090800000, 0x0000000095300000, 0x00000000dad80000)
  object space 76800K, 0% used [0x0000000090800000,0x0000000090800000,0x0000000095300000)
 Metaspace       used 7365K, capacity 7622K, committed 7808K, reserved 1060864K
  class space    used 918K, capacity 1028K, committed 1152K, reserved 1048576K
Event: 1.209 GC heap after
Heap after GC invocations=1 (full 0):
 PSYoungGen      total 33280K, used 1238K [0x00000000dad80000, 0x00000000dd280000, 0x0000000100000000)
  eden space 28672K, 0% used [0x00000000dad80000,0x00000000dad80000,0x00000000dc980000)
  from space 4608K, 26% used [0x00000000dc980000,0x00000000dcab5a90,0x00000000dce00000)
  to   space 4608K, 0% used [0x00000000dce00000,0x00000000dce00000,0x00000000dd280000)
 ParOldGen       total 76800K, used 72K [0x0000000090800000, 0x0000000095300000, 0x00000000dad80000)
  object space 76800K, 0% used [0x0000000090800000,0x0000000090812010,0x0000000095300000)
 Metaspace       used 7365K, capacity 7622K, committed 7808K, reserved 1060864K
  class space    used 918K, capacity 1028K, committed 1152K, reserved 1048576K
}
Event: 1.209 GC heap before
{Heap before GC invocations=2 (full 1):
 PSYoungGen      total 33280K, used 1238K [0x00000000dad80000, 0x00000000dd280000, 0x0000000100000000)
  eden space 28672K, 0% used [0x00000000dad80000,0x00000000dad80000,0x00000000dc980000)
  from space 4608K, 26% used [0x00000000dc980000,0x00000000dcab5a90,0x00000000dce00000)
  to   space 4608K, 0% used [0x00000000dce00000,0x00000000dce00000,0x00000000dd280000)
 ParOldGen       total 76800K, used 72K [0x0000000090800000, 0x0000000095300000, 0x00000000dad80000)
  object space 76800K, 0% used [0x0000000090800000,0x0000000090812010,0x0000000095300000)
 Metaspace       used 7365K, capacity 7622K, committed 7808K, reserved 1060864K
  class space    used 918K, capacity 1028K, committed 1152K, reserved 1048576K
Event: 1.252 GC heap after
Heap after GC invocations=2 (full 1):
 PSYoungGen      total 33280K, used 0K [0x00000000dad80000, 0x00000000dd280000, 0x0000000100000000)
  eden space 28672K, 0% used [0x00000000dad80000,0x00000000dad80000,0x00000000dc980000)
  from space 4608K, 0% used [0x00000000dc980000,0x00000000dc980000,0x00000000dce00000)
  to   space 4608K, 0% used [0x00000000dce00000,0x00000000dce00000,0x00000000dd280000)
 ParOldGen       total 55808K, used 1199K [0x0000000090800000, 0x0000000093e80000, 0x00000000dad80000)
  object space 55808K, 2% used [0x0000000090800000,0x000000009092bcf8,0x0000000093e80000)
 Metaspace       used 7365K, capacity 7622K, committed 7808K, reserved 1058816K
  class space    used 918K, capacity 1028K, committed 1152K, reserved 1048576K
}
Event: 95.195 GC heap before
{Heap before GC invocations=3 (full 1):
 PSYoungGen      total 33280K, used 28672K [0x00000000dad80000, 0x00000000dd280000, 0x0000000100000000)
  eden space 28672K, 100% used [0x00000000dad80000,0x00000000dc980000,0x00000000dc980000)
  from space 4608K, 0% used [0x00000000dc980000,0x00000000dc980000,0x00000000dce00000)
  to   space 4608K, 0% used [0x00000000dce00000,0x00000000dce00000,0x00000000dd280000)
 ParOldGen       total 55808K, used 1199K [0x0000000090800000, 0x0000000093e80000, 0x00000000dad80000)
  object space 55808K, 2% used [0x0000000090800000,0x000000009092bcf8,0x0000000093e80000)
 Metaspace       used 14873K, capacity 15464K, committed 15744K, reserved 1064960K
  class space    used 2153K, capacity 2322K, committed 2432K, reserved 1048576K
Event: 95.217 GC heap after
Heap after GC invocations=3 (full 1):
 PSYoungGen      total 33280K, used 2978K [0x00000000dad80000, 0x00000000dd280000, 0x0000000100000000)
  eden space 28672K, 0% used [0x00000000dad80000,0x00000000dad80000,0x00000000dc980000)
  from space 4608K, 64% used [0x00000000dce00000,0x00000000dd0e8a90,0x00000000dd280000)
  to   space 4608K, 0% used [0x00000000dc980000,0x00000000dc980000,0x00000000dce00000)
 ParOldGen       total 55808K, used 1207K [0x0000000090800000, 0x0000000093e80000, 0x00000000dad80000)
  object space 55808K, 2% used [0x0000000090800000,0x000000009092dcf8,0x0000000093e80000)
 Metaspace       used 14873K, capacity 15464K, committed 15744K, reserved 1064960K
  class space    used 2153K, capacity 2322K, committed 2432K, reserved 1048576K
}

